<?xml version='1.0' encoding='UTF-8'?>
<testsuite hostname="LAPTOP-1RKT7SQU" name="controllers.HomeControllerTest" tests="2" errors="0" failures="1" skipped="0" time="3.686" timestamp="2021-11-07T23:02:06">
                     <properties>
      <property name="awt.toolkit" value="sun.awt.windows.WToolkit"/><property name="java.specification.version" value="11"/><property name="sun.cpu.isalist" value="amd64"/><property name="sun.jnu.encoding" value="Cp1252"/><property name="sun.arch.data.model" value="64"/><property name="java.vendor.url" value="https://openjdk.java.net/"/><property name="sun.boot.library.path" value="C:\Program Files\Java\jdk-11.0.12\bin"/><property name="sun.java.command" value="xsbt.boot.Boot"/><property name="jdk.debug" value="release"/><property name="sun.stderr.encoding" value="cp437"/><property name="java.specification.vendor" value="Oracle Corporation"/><property name="java.version.date" value="2021-07-20"/><property name="java.home" value="C:\Program Files\Java\jdk-11.0.12"/><property name="file.separator" value="\"/><property name="java.vm.compressedOopsMode" value="32-bit"/><property name="line.separator" value="
"/><property name="sun.stdout.encoding" value="cp437"/><property name="java.specification.name" value="Java Platform API Specification"/><property name="java.vm.specification.vendor" value="Oracle Corporation"/><property name="user.script" value=""/><property name="sun.management.compiler" value="HotSpot 64-Bit Tiered Compilers"/><property name="java.runtime.version" value="11.0.12+8-LTS-237"/><property name="user.name" value="yoges"/><property name="log4j.ignoreTCL" value="true"/><property name="file.encoding" value="UTF-8"/><property name="jnidispatch.path" value="C:\Users\yoges\AppData\Local\Temp\jna-115155071\jna1386936803193647403.dll"/><property name="java.vendor.version" value="18.9"/><property name="jna.loaded" value="true"/><property name="java.io.tmpdir" value="C:\Users\yoges\AppData\Local\Temp\"/><property name="java.version" value="11.0.12"/><property name="java.vm.specification.name" value="Java Virtual Machine Specification"/><property name="java.awt.printerjob" value="sun.awt.windows.WPrinterJob"/><property name="sun.os.patch.level" value=""/><property name="java.library.path" value="C:\Program Files\Java\jdk-11.0.12\bin;C:\WINDOWS\Sun\Java\bin;C:\WINDOWS\system32;C:\WINDOWS;C:\Program Files\Java\jdk-11.0.12\bin;C:\Program Files\Common Files\Oracle\Java\javapath;C:\WINDOWS\system32;C:\WINDOWS;C:\WINDOWS\System32\Wbem;C:\WINDOWS\System32\WindowsPowerShell\v1.0\;C:\WINDOWS\System32\OpenSSH\;D:\Personal\softwares\ApacheAnt\apache-ant-1.10.11-bin\apache-ant-1.10.11\bin;C:\Program Files\Git\cmd;C:\Program Files (x86)\GnuWin32\bin\make.exe;C:\Program Files (x86)\sbt\bin;C:\Program Files\PuTTY\;C:\Program Files\Java\jdk-11.0.12;C:\Program Files\Java\jdk-11.0.12\bin;C:\Users\yoges\AppData\Local\Microsoft\WindowsApps;;C:\Program Files\JetBrains\IntelliJ IDEA Community Edition 2021.2.1\bin;;."/><property name="java.vendor" value="Oracle Corporation"/><property name="scala.ext.dirs" value=""/><property name="sun.io.unicode.encoding" value="UnicodeLittle"/><property name="sun.desktop" value="windows"/><property name="java.class.path" value="C:\Program Files (x86)\sbt\\bin\sbt-launch.jar"/><property name="java.vm.vendor" value="Oracle Corporation"/><property name="user.variant" value=""/><property name="jline.shutdownhook" value="false"/><property name="user.timezone" value="America/New_York"/><property name="os.name" value="Windows 10"/><property name="java.vm.specification.version" value="11"/><property name="sun.java.launcher" value="SUN_STANDARD"/><property name="user.country" value="IN"/><property name="sun.cpu.endian" value="little"/><property name="user.home" value="C:\Users\yoges"/><property name="user.language" value="en"/><property name="swoval.tmpdir" value="C:\Users\yoges\.sbt\1.0"/><property name="java.awt.graphicsenv" value="sun.awt.Win32GraphicsEnvironment"/><property name="jline.esc.timeout" value="0"/><property name="path.separator" value=";"/><property name="os.version" value="10.0"/><property name="jna.nosys" value="true"/><property name="java.runtime.name" value="Java(TM) SE Runtime Environment"/><property name="java.vm.name" value="Java HotSpot(TM) 64-Bit Server VM"/><property name="java.vendor.url.bug" value="https://bugreport.java.com/bugreport/"/><property name="user.dir" value="D:\University\Concordia University\Fall 2021\APP\APP_Project\SOEN-6441-Gitterific-Group-KP-G08"/><property name="os.arch" value="amd64"/><property name="java.vm.info" value="mixed mode"/><property name="java.vm.version" value="11.0.12+8-LTS-237"/><property name="java.class.version" value="55.0"/>
    </properties>
                     <testcase classname="controllers.HomeControllerTest" name="testIndex" time="3.551">
                                                 
                                               </testcase><testcase classname="controllers.HomeControllerTest" name="testRepositoryFalse" time="0.135">
                                                 <failure message="java.lang.AssertionError: null" type="sbt.ForkMain$ForkError">sbt.ForkMain$ForkError: java.lang.AssertionError: null
	at org.junit.Assert.fail(Assert.java:86)
	at org.junit.Assert.assertTrue(Assert.java:41)
	at org.junit.Assert.assertFalse(Assert.java:64)
	at org.junit.Assert.assertFalse(Assert.java:74)
	at controllers.HomeControllerTest.testRepositoryFalse(HomeControllerTest.java:45)
	at java.base/jdk.internal.reflect.NativeMethodAccessorImpl.invoke0(Native Method)
	at java.base/jdk.internal.reflect.NativeMethodAccessorImpl.invoke(NativeMethodAccessorImpl.java:62)
	at java.base/jdk.internal.reflect.DelegatingMethodAccessorImpl.invoke(DelegatingMethodAccessorImpl.java:43)
	at java.base/java.lang.reflect.Method.invoke(Method.java:566)
	at org.junit.runners.model.FrameworkMethod$1.runReflectiveCall(FrameworkMethod.java:50)
	at org.junit.internal.runners.model.ReflectiveCallable.run(ReflectiveCallable.java:12)
	at org.junit.runners.model.FrameworkMethod.invokeExplosively(FrameworkMethod.java:47)
	at org.junit.internal.runners.statements.InvokeMethod.evaluate(InvokeMethod.java:17)
	at org.junit.internal.runners.statements.RunBefores.evaluate(RunBefores.java:26)
	at org.junit.internal.runners.statements.RunAfters.evaluate(RunAfters.java:27)
	at org.junit.runners.ParentRunner.runLeaf(ParentRunner.java:325)
	at org.junit.runners.BlockJUnit4ClassRunner.runChild(BlockJUnit4ClassRunner.java:78)
	at org.junit.runners.BlockJUnit4ClassRunner.runChild(BlockJUnit4ClassRunner.java:57)
	at org.junit.runners.ParentRunner$3.run(ParentRunner.java:290)
	at org.junit.runners.ParentRunner$1.schedule(ParentRunner.java:71)
	at org.junit.runners.ParentRunner.runChildren(ParentRunner.java:288)
	at org.junit.runners.ParentRunner.access$000(ParentRunner.java:58)
	at org.junit.runners.ParentRunner$2.evaluate(ParentRunner.java:268)
	at org.junit.runners.ParentRunner.run(ParentRunner.java:363)
	at org.junit.runners.Suite.runChild(Suite.java:128)
	at org.junit.runners.Suite.runChild(Suite.java:27)
	at org.junit.runners.ParentRunner$3.run(ParentRunner.java:290)
	at org.junit.runners.ParentRunner$1.schedule(ParentRunner.java:71)
	at org.junit.runners.ParentRunner.runChildren(ParentRunner.java:288)
	at org.junit.runners.ParentRunner.access$000(ParentRunner.java:58)
	at org.junit.runners.ParentRunner$2.evaluate(ParentRunner.java:268)
	at org.junit.runners.ParentRunner.run(ParentRunner.java:363)
	at org.junit.runner.JUnitCore.run(JUnitCore.java:137)
	at org.junit.runner.JUnitCore.run(JUnitCore.java:115)
	at com.novocode.junit.JUnitRunner$1.execute(JUnitRunner.java:132)
	at sbt.ForkMain$Run.lambda$runTest$1(ForkMain.java:304)
	at java.base/java.util.concurrent.FutureTask.run(FutureTask.java:264)
	at java.base/java.util.concurrent.ThreadPoolExecutor.runWorker(ThreadPoolExecutor.java:1128)
	at java.base/java.util.concurrent.ThreadPoolExecutor$Worker.run(ThreadPoolExecutor.java:628)
	at java.base/java.lang.Thread.run(Thread.java:834)
</failure>
                                               </testcase>
                     <system-out><![CDATA[]]></system-out>
                     <system-err><![CDATA[]]></system-err>
                   </testsuite>